<?xml version="1.0" encoding="UTF-8"?>
<!-- Generated by org.testng.reporters.JUnitXMLReporter -->
<testsuite ignored="0" hostname="Menashs-Mac-mini.local" failures="0" tests="6" name="Surefire test" time="58.414" errors="0" timestamp="2022-08-29T15:01:13 IDT">
  <testcase classname="TestSuite.TestSuite" name="testCase1" time="7.422"/>
  <testcase classname="TestSuite.TestSuite" name="testCase2" time="1.073"/>
  <testcase classname="TestSuite.TestSuite" name="testCase3" time="4.71"/>
  <testcase classname="TestSuite.TestSuite" name="testCase4" time="7.737"/>
  <testcase classname="TestSuite.TestSuite" name="testCase5" time="21.243"/>
  <testcase classname="TestSuite.TestSuite" name="testCase6" time="14.278"/>
</testsuite> <!-- Surefire test -->
