<?xml version="1.0" encoding="UTF-8"?>
<testng-results ignored="0" total="6" passed="6" failed="0" skipped="0">
  <reporter-output>
  </reporter-output>
  <suite started-at="2022-08-29T15:00:14 IDT" name="Surefire suite" finished-at="2022-08-29T15:01:13 IDT" duration-ms="58414">
    <groups>
    </groups>
    <test started-at="2022-08-29T15:00:14 IDT" name="Surefire test" finished-at="2022-08-29T15:01:13 IDT" duration-ms="58414">
      <class name="TestSuite.TestSuite">
        <test-method is-config="true" signature="setup()[pri:0, instance:TestSuite.TestSuite@7e4c72d6]" started-at="2022-08-29T15:00:14 IDT" name="setup" finished-at="2022-08-29T15:00:16 IDT" duration-ms="1717" status="PASS">
          <reporter-output>
          </reporter-output>
        </test-method> <!-- setup -->
        <test-method signature="testCase1()[pri:0, instance:TestSuite.TestSuite@7e4c72d6]" started-at="2022-08-29T15:00:16 IDT" name="testCase1" finished-at="2022-08-29T15:00:24 IDT" duration-ms="7422" status="PASS">
          <reporter-output>
          </reporter-output>
        </test-method> <!-- testCase1 -->
        <test-method signature="testCase2()[pri:0, instance:TestSuite.TestSuite@7e4c72d6]" started-at="2022-08-29T15:00:24 IDT" name="testCase2" finished-at="2022-08-29T15:00:25 IDT" duration-ms="1073" status="PASS">
          <reporter-output>
          </reporter-output>
        </test-method> <!-- testCase2 -->
        <test-method signature="testCase3()[pri:0, instance:TestSuite.TestSuite@7e4c72d6]" started-at="2022-08-29T15:00:25 IDT" name="testCase3" finished-at="2022-08-29T15:00:29 IDT" duration-ms="4710" status="PASS">
          <reporter-output>
          </reporter-output>
        </test-method> <!-- testCase3 -->
        <test-method signature="testCase4()[pri:0, instance:TestSuite.TestSuite@7e4c72d6]" started-at="2022-08-29T15:00:29 IDT" name="testCase4" finished-at="2022-08-29T15:00:37 IDT" duration-ms="7737" status="PASS">
          <reporter-output>
          </reporter-output>
        </test-method> <!-- testCase4 -->
        <test-method signature="testCase5()[pri:0, instance:TestSuite.TestSuite@7e4c72d6]" started-at="2022-08-29T15:00:37 IDT" name="testCase5" finished-at="2022-08-29T15:00:58 IDT" duration-ms="21243" status="PASS">
          <reporter-output>
          </reporter-output>
        </test-method> <!-- testCase5 -->
        <test-method signature="testCase6()[pri:0, instance:TestSuite.TestSuite@7e4c72d6]" started-at="2022-08-29T15:00:58 IDT" name="testCase6" finished-at="2022-08-29T15:01:13 IDT" duration-ms="14278" status="PASS">
          <reporter-output>
          </reporter-output>
        </test-method> <!-- testCase6 -->
        <test-method is-config="true" signature="Teardown()[pri:0, instance:TestSuite.TestSuite@7e4c72d6]" started-at="2022-08-29T15:01:13 IDT" name="Teardown" finished-at="2022-08-29T15:01:13 IDT" duration-ms="167" status="PASS">
          <reporter-output>
          </reporter-output>
        </test-method> <!-- Teardown -->
      </class> <!-- TestSuite.TestSuite -->
    </test> <!-- Surefire test -->
  </suite> <!-- Surefire suite -->
</testng-results>
