<?xml version="1.0" encoding="UTF-8"?>
<testsuite xmlns:xsi="http://www.w3.org/2001/XMLSchema-instance" xsi:noNamespaceSchemaLocation="https://maven.apache.org/surefire/maven-surefire-plugin/xsd/surefire-test-report.xsd" name="TestSuite" time="59.183" tests="6" errors="0" skipped="0" failures="0">
  <properties>
[...]
</properties>
  <testcase name="testCase1" classname="TestSuite.TestSuite" time="7.461"/>
  <testcase name="testCase2" classname="TestSuite.TestSuite" time="1.074"/>
  <testcase name="testCase3" classname="TestSuite.TestSuite" time="4.711"/>
  <testcase name="testCase4" classname="TestSuite.TestSuite" time="7.737"/>
  <testcase name="testCase5" classname="TestSuite.TestSuite" time="21.244"/>
  <testcase name="testCase6" classname="TestSuite.TestSuite" time="14.279"/>
</testsuite>